<?xml version="1.0" encoding="UTF-8"?>
<!-- Generated by org.testng.reporters.JUnitXMLReporter -->
<testsuite ignored="2" hostname="preetiacer" failures="2" tests="6" name="My first test" time="0.054" errors="0" timestamp="2023-02-03T09:23:37 PST">
  <testcase classname="Day1.BasicTest" name="test3" time="0.009"/>
  <testcase classname="Day1.BasicTest" name="test2" time="0.001"/>
  <testcase classname="Day1.BasicTest" name="test1" time="0.002">
    <failure type="java.lang.ArithmeticException">
      <![CDATA[java.lang.ArithmeticException
at Day1.BasicTest.test1(BasicTest.java:13)
at java.base/java.util.ArrayList.forEach(ArrayList.java:1511)
... Removed 25 stack frames]]>
    </failure>
  </testcase> <!-- test1 -->
  <testcase classname="Day1.BasicTest2" name="test7" time="0.002"/>
  <testcase classname="Day1.BasicTest2" name="test6" time="0.002"/>
  <testcase classname="Day1.BasicTest2" name="test5" time="0.001">
    <failure type="java.lang.ArithmeticException">
      <![CDATA[java.lang.ArithmeticException
at Day1.BasicTest2.test5(BasicTest2.java:11)
at java.base/java.util.ArrayList.forEach(ArrayList.java:1511)
... Removed 25 stack frames]]>
    </failure>
  </testcase> <!-- test5 -->
  <testcase classname="Day1.BasicTest2" name="test8" time="0.0">
    <ignored/>
  </testcase> <!-- test8 -->
  <testcase classname="Day1.BasicTest" name="test4" time="0.0">
    <ignored/>
  </testcase> <!-- test4 -->
</testsuite> <!-- My first test -->
