<?xml version="1.0" encoding="UTF-8"?>
<!-- Generated by org.testng.reporters.JUnitXMLReporter -->
<testsuite ignored="32" hostname="preetiacer" failures="0" tests="1" name="Default test" time="28.872" errors="0" timestamp="2023-02-17T16:48:44 PST">
  <testcase classname="salesForce.ApplicationTest" name="createAccountReport14" time="23.45"/>
  <testcase classname="salesForce.ApplicationTest" name="leadsTab20" time="0.0">
    <ignored/>
  </testcase> <!-- leadsTab20 -->
  <testcase classname="salesForce.ApplicationTest" name="contactNewView26" time="0.0">
    <ignored/>
  </testcase> <!-- contactNewView26 -->
  <testcase classname="salesForce.ApplicationTest" name="userMenu5" time="0.0">
    <ignored/>
  </testcase> <!-- userMenu5 -->
  <testcase classname="salesForce.ApplicationTest" name="leadsSelectView21" time="0.0">
    <ignored/>
  </testcase> <!-- leadsSelectView21 -->
  <testcase classname="salesForce.ApplicationTest" name="verifyTabCustomization35" time="0.0">
    <ignored/>
  </testcase> <!-- verifyTabCustomization35 -->
  <testcase classname="salesForce.ApplicationTest" name="testOptyPipelineReport17" time="0.0">
    <ignored/>
  </testcase> <!-- testOptyPipelineReport17 -->
  <testcase classname="salesForce.ApplicationTest" name="testStuckOptyReport18" time="0.0">
    <ignored/>
  </testcase> <!-- testStuckOptyReport18 -->
  <testcase classname="salesForce.ApplicationTest" name="firstlastName33" time="0.0">
    <ignored/>
  </testcase> <!-- firstlastName33 -->
  <testcase classname="salesForce.ApplicationTest" name="defaultView22" time="0.0">
    <ignored/>
  </testcase> <!-- defaultView22 -->
  <testcase classname="salesForce.ApplicationTest" name="recurringEvent37" time="0.0">
    <ignored/>
  </testcase> <!-- recurringEvent37 -->
  <testcase classname="salesForce.ApplicationTest" name="developersConsole8" time="0.0">
    <ignored/>
  </testcase> <!-- developersConsole8 -->
  <testcase classname="salesForce.ApplicationTest" name="cancelNewView31" time="0.0">
    <ignored/>
  </testcase> <!-- cancelNewView31 -->
  <testcase classname="salesForce.ApplicationTest" name="createAccount10" time="0.0">
    <ignored/>
  </testcase> <!-- createAccount10 -->
  <testcase classname="salesForce.ApplicationTest" name="viewContact29" time="0.0">
    <ignored/>
  </testcase> <!-- viewContact29 -->
  <testcase classname="salesForce.ApplicationTest" name="logoutOption9" time="0.0">
    <ignored/>
  </testcase> <!-- logoutOption9 -->
  <testcase classname="salesForce.ApplicationTest" name="myContacts28" time="0.0">
    <ignored/>
  </testcase> <!-- myContacts28 -->
  <testcase classname="salesForce.ApplicationTest" name="errorNewView30" time="0.0">
    <ignored/>
  </testcase> <!-- errorNewView30 -->
  <testcase classname="salesForce.ApplicationTest" name="newLeads24" time="0.0">
    <ignored/>
  </testcase> <!-- newLeads24 -->
  <testcase classname="salesForce.ApplicationTest" name="testQuaterlySummaryReport19" time="0.0">
    <ignored/>
  </testcase> <!-- testQuaterlySummaryReport19 -->
  <testcase classname="salesForce.ApplicationTest" name="mergeAccounts13" time="0.0">
    <ignored/>
  </testcase> <!-- mergeAccounts13 -->
  <testcase classname="salesForce.ApplicationTest" name="createsaveAndNew32" time="0.0">
    <ignored/>
  </testcase> <!-- createsaveAndNew32 -->
  <testcase classname="salesForce.ApplicationTest" name="createNewContact25" time="0.0">
    <ignored/>
  </testcase> <!-- createNewContact25 -->
  <testcase classname="salesForce.ApplicationTest" name="recentlyCreatedContact27" time="0.0">
    <ignored/>
  </testcase> <!-- recentlyCreatedContact27 -->
  <testcase classname="salesForce.ApplicationTest" name="myProfileOption6" time="0.0">
    <ignored/>
  </testcase> <!-- myProfileOption6 -->
  <testcase classname="salesForce.ApplicationTest" name="createNewView11" time="0.0">
    <ignored/>
  </testcase> <!-- createNewView11 -->
  <testcase classname="salesForce.ApplicationTest" name="todaysLeads23" time="0.0">
    <ignored/>
  </testcase> <!-- todaysLeads23 -->
  <testcase classname="salesForce.ApplicationTest" name="opportunitiesDropdown15" time="0.0">
    <ignored/>
  </testcase> <!-- opportunitiesDropdown15 -->
  <testcase classname="salesForce.ApplicationTest" name="mySettingsOption7" time="0.0">
    <ignored/>
  </testcase> <!-- mySettingsOption7 -->
  <testcase classname="salesForce.ApplicationTest" name="editView12" time="0.0">
    <ignored/>
  </testcase> <!-- editView12 -->
  <testcase classname="salesForce.ApplicationTest" name="createNewOpty16" time="0.0">
    <ignored/>
  </testcase> <!-- createNewOpty16 -->
  <testcase classname="salesForce.ApplicationTest" name="verifyEditedlastName34" time="0.0">
    <ignored/>
  </testcase> <!-- verifyEditedlastName34 -->
  <testcase classname="salesForce.ApplicationTest" name="blockingEvent36" time="0.0">
    <ignored/>
  </testcase> <!-- blockingEvent36 -->
</testsuite> <!-- Default test -->
