<?xml version="1.0" encoding="UTF-8"?>
<testng-results ignored="32" total="33" passed="1" failed="0" skipped="0">
  <reporter-output>
  </reporter-output>
  <suite started-at="2023-02-17T16:48:15 PST" name="Default suite" finished-at="2023-02-17T16:48:44 PST" duration-ms="28872">
    <groups>
    </groups>
    <test started-at="2023-02-17T16:48:15 PST" name="Default test" finished-at="2023-02-17T16:48:44 PST" duration-ms="28872">
      <class name="salesForce.ApplicationTest">
        <test-method is-config="true" signature="setUpBeforeTest()[pri:0, instance:salesForce.ApplicationTest@48f2bd5b]" started-at="2023-02-17T16:48:15 PST" name="setUpBeforeTest" finished-at="2023-02-17T16:48:15 PST" duration-ms="423" status="PASS">
          <reporter-output>
          </reporter-output>
        </test-method> <!-- setUpBeforeTest -->
        <test-method is-config="true" signature="setUpBeforeMethod(java.lang.String,java.lang.String,java.lang.reflect.Method)[pri:0, instance:salesForce.ApplicationTest@48f2bd5b]" started-at="2023-02-17T16:48:15 PST" name="setUpBeforeMethod" finished-at="2023-02-17T16:48:17 PST" duration-ms="1751" status="PASS">
          <params>
            <param index="0">
              <value>
                <![CDATA[chrome]]>
              </value>
            </param>
            <param index="1">
              <value>
                <![CDATA[https://login.salesforce.com/]]>
              </value>
            </param>
            <param index="2">
              <value>
                <![CDATA[public static void salesForce.ApplicationTest.createAccountReport14()]]>
              </value>
            </param>
          </params>
          <reporter-output>
          </reporter-output>
        </test-method> <!-- setUpBeforeMethod -->
        <test-method signature="createAccountReport14()[pri:9, instance:salesForce.ApplicationTest@48f2bd5b]" started-at="2023-02-17T16:48:17 PST" name="createAccountReport14" finished-at="2023-02-17T16:48:41 PST" duration-ms="23450" status="PASS">
          <reporter-output>
          </reporter-output>
        </test-method> <!-- createAccountReport14 -->
        <test-method is-config="true" signature="setUpAfterMethod(java.lang.reflect.Method)[pri:0, instance:salesForce.ApplicationTest@48f2bd5b]" started-at="2023-02-17T16:48:41 PST" name="setUpAfterMethod" finished-at="2023-02-17T16:48:43 PST" duration-ms="2424" status="PASS">
          <params>
            <param index="0">
              <value>
                <![CDATA[public static void salesForce.ApplicationTest.createAccountReport14()]]>
              </value>
            </param>
          </params>
          <reporter-output>
          </reporter-output>
        </test-method> <!-- setUpAfterMethod -->
        <test-method is-config="true" signature="setUpAfterTest()[pri:0, instance:salesForce.ApplicationTest@48f2bd5b]" started-at="2023-02-17T16:48:43 PST" name="setUpAfterTest" finished-at="2023-02-17T16:48:44 PST" duration-ms="616" status="PASS">
          <reporter-output>
          </reporter-output>
        </test-method> <!-- setUpAfterTest -->
      </class> <!-- salesForce.ApplicationTest -->
    </test> <!-- Default test -->
  </suite> <!-- Default suite -->
</testng-results>
